<?xml version="1.0" encoding="UTF-8"?>
<!-- Generated by org.testng.reporters.JUnitReportReporter -->
<testsuite skipped="0" hostname="DESKTOP-LQVNOUH" name="runner.CucumberRunner" tests="1" failures="0" timestamp="2024-06-12T07:07:49 IST" time="40.155" errors="0">
  <testcase name="runScenario" time="40.155" classname="runner.CucumberRunner"/>
  <system-out/>
</testsuite> <!-- runner.CucumberRunner -->
